app/build/intermediates/proguard-rules/release/aapt_rules.txt
# view res/layout/abc_alert_dialog_material.xml #generated:75
-keep class android.support.v4.widget.NestedScrollView { <init>(...); }

# view res/layout/abc_alert_dialog_button_bar_material.xml #generated:40
-keep class android.support.v4.widget.Space { <init>(...); }

# view res/layout/abc_action_menu_item_layout.xml #generated:17
-keep class android.support.v7.view.menu.ActionMenuItemView { <init>(...); }

# view res/layout/abc_expanded_menu_layout.xml #generated:17
-keep class android.support.v7.view.menu.ExpandedMenuView { <init>(...); }

# view res/layout/abc_list_menu_item_layout.xml #generated:17
# view res/layout/abc_popup_menu_item_layout.xml #generated:17
-keep class android.support.v7.view.menu.ListMenuItemView { <init>(...); }

# view res/layout/abc_screen_toolbar.xml #generated:27
-keep class android.support.v7.widget.ActionBarContainer { <init>(...); }

# view res/layout/abc_action_mode_bar.xml #generated:19
# view res/layout/abc_screen_toolbar.xml #generated:43
-keep class android.support.v7.widget.ActionBarContextView { <init>(...); }

# view res/layout/abc_screen_toolbar.xml #generated:17
-keep class android.support.v7.widget.ActionBarOverlayLayout { <init>(...); }

# view res/layout/abc_action_menu_layout.xml #generated:17
-keep class android.support.v7.widget.ActionMenuView { <init>(...); }

# view res/layout/abc_activity_chooser_view.xml #generated:19
-keep class android.support.v7.widget.ActivityChooserView$InnerLayout { <init>(...); }

# view ldrtl-v17/res/layout-ldrtl-v17/md_listitem_multichoice.xml #generated:27
# view res/layout/md_listitem_multichoice.xml #generated:14
-keep class android.support.v7.widget.AppCompatCheckBox { <init>(...); }

# view ldrtl-v17/res/layout-ldrtl-v17/md_listitem_singlechoice.xml #generated:27
# view res/layout/md_listitem_singlechoice.xml #generated:14
-keep class android.support.v7.widget.AppCompatRadioButton { <init>(...); }

# view res/layout/abc_alert_dialog_button_bar_material.xml #generated:18
-keep class android.support.v7.widget.ButtonBarLayout { <init>(...); }

# view res/layout/abc_screen_content_include.xml #generated:19
-keep class android.support.v7.widget.ContentFrameLayout { <init>(...); }

# view res/layout/abc_alert_dialog_material.xml #generated:48
-keep class android.support.v7.widget.DialogTitle { <init>(...); }

# view res/layout/abc_screen_simple_overlay_action_mode.xml #generated:23
-keep class android.support.v7.widget.FitWindowsFrameLayout { <init>(...); }

# view res/layout/abc_dialog_title_material.xml #generated:22
# view res/layout/abc_screen_simple.xml #generated:17
-keep class android.support.v7.widget.FitWindowsLinearLayout { <init>(...); }

# view res/layout/abc_search_view.xml #generated:78
-keep class android.support.v7.widget.SearchView$SearchAutoComplete { <init>(...); }

# view res/layout/abc_screen_toolbar.xml #generated:36
-keep class android.support.v7.widget.Toolbar { <init>(...); }

# view res/layout/abc_screen_simple.xml #generated:25
# view res/layout/abc_screen_simple_overlay_action_mode.xml #generated:32
-keep class android.support.v7.widget.ViewStubCompat { <init>(...); }

# view res/layout/md_stub_colorchooser_grid.xml #generated:2
-keep class com.afollestad.materialdialogs.color.FillGridView { <init>(...); }

# view res/layout/md_stub_actionbuttons.xml #generated:10
# view res/layout/md_stub_actionbuttons.xml #generated:17
# view res/layout/md_stub_actionbuttons.xml #generated:5
-keep class com.afollestad.materialdialogs.internal.MDButton { <init>(...); }

# view res/layout/md_dialog_basic.xml #generated:1
# view res/layout/md_dialog_custom.xml #generated:1
# view res/layout/md_dialog_input.xml #generated:1
# view res/layout/md_dialog_list.xml #generated:1
# view res/layout/md_dialog_progress.xml #generated:1
# view res/layout/md_dialog_progress_indeterminate.xml #generated:1
# view res/layout/md_dialog_progress_indeterminate_horizontal.xml #generated:1
-keep class com.afollestad.materialdialogs.internal.MDRootLayout { <init>(...); }

# view AndroidManifest.xml #generated:28
-keep class ohi.andre.keyboardtinter2.app.MainActivity { <init>(...); }