app/build/outputs/mapping/release/seeds.txt
ohi.andre.keyboardtinter2.KeyboardTinterModule
ohi.andre.keyboardtinter2.R$anim: int abc_fade_in
ohi.andre.keyboardtinter2.R$anim: int abc_fade_out
ohi.andre.keyboardtinter2.R$anim: int abc_grow_fade_in_from_bottom
ohi.andre.keyboardtinter2.R$anim: int abc_popup_enter
ohi.andre.keyboardtinter2.R$anim: int abc_popup_exit
ohi.andre.keyboardtinter2.R$anim: int abc_shrink_fade_out_from_bottom
ohi.andre.keyboardtinter2.R$anim: int abc_slide_in_bottom
ohi.andre.keyboardtinter2.R$anim: int abc_slide_in_top
ohi.andre.keyboardtinter2.R$anim: int abc_slide_out_bottom
ohi.andre.keyboardtinter2.R$anim: int abc_slide_out_top
ohi.andre.keyboardtinter2.R$anim: int decelerate_cubic
ohi.andre.keyboardtinter2.R$anim: int popup_enter
ohi.andre.keyboardtinter2.R$anim: int popup_exit
ohi.andre.keyboardtinter2.R$array: int attachment_types
ohi.andre.keyboardtinter2.R$array: int presets
ohi.andre.keyboardtinter2.R$attr: int actionBarDivider
ohi.andre.keyboardtinter2.R$attr: int actionBarItemBackground
ohi.andre.keyboardtinter2.R$attr: int actionBarPopupTheme
ohi.andre.keyboardtinter2.R$attr: int actionBarSize
ohi.andre.keyboardtinter2.R$attr: int actionBarSplitStyle
ohi.andre.keyboardtinter2.R$attr: int actionBarStyle
ohi.andre.keyboardtinter2.R$attr: int actionBarTabBarStyle
ohi.andre.keyboardtinter2.R$attr: int actionBarTabStyle
ohi.andre.keyboardtinter2.R$attr: int actionBarTabTextStyle
ohi.andre.keyboardtinter2.R$attr: int actionBarTheme
ohi.andre.keyboardtinter2.R$attr: int actionBarWidgetTheme
ohi.andre.keyboardtinter2.R$attr: int actionButtonStyle
ohi.andre.keyboardtinter2.R$attr: int actionDropDownStyle
ohi.andre.keyboardtinter2.R$attr: int actionLayout
ohi.andre.keyboardtinter2.R$attr: int actionMenuTextAppearance
ohi.andre.keyboardtinter2.R$attr: int actionMenuTextColor
ohi.andre.keyboardtinter2.R$attr: int actionModeBackground
ohi.andre.keyboardtinter2.R$attr: int actionModeCloseButtonStyle
ohi.andre.keyboardtinter2.R$attr: int actionModeCloseDrawable
ohi.andre.keyboardtinter2.R$attr: int actionModeCopyDrawable
ohi.andre.keyboardtinter2.R$attr: int actionModeCutDrawable
ohi.andre.keyboardtinter2.R$attr: int actionModeFindDrawable
ohi.andre.keyboardtinter2.R$attr: int actionModePasteDrawable
ohi.andre.keyboardtinter2.R$attr: int actionModePopupWindowStyle
ohi.andre.keyboardtinter2.R$attr: int actionModeSelectAllDrawable
ohi.andre.keyboardtinter2.R$bool: int abc_action_bar_embed_tabs
ohi.andre.keyboardtinter2.R$bool: int abc_action_bar_embed_tabs_pre_jb
ohi.andre.keyboardtinter2.R$bool: int abc_action_bar_expanded_action_views_exclusive
ohi.andre.keyboardtinter2.R$bool: int abc_allow_stacked_button_bar
ohi.andre.keyboardtinter2.R$bool: int abc_config_actionMenuItemAllCaps
ohi.andre.keyboardtinter2.R$bool: int abc_config_allowActionMenuItemTextWithIcon
ohi.andre.keyboardtinter2.R$bool: int abc_config_closeDialogWhenTouchOutside
ohi.andre.keyboardtinter2.R$bool: int abc_config_showMenuShortcutsWhenKeyboardPresent
ohi.andre.keyboardtinter2.R$bool: int md_is_tablet
...
android.support.v7.app.AppCompatActivity: AppCompatActivity()
android.support.v7.app.AppCompatActivity: void setContentView(android.view.View)
android.support.v7.app.AppCompatDelegateImplV7$PanelFeatureState$SavedState: android.os.Parcelable$Creator CREATOR
android.support.v7.appcompat.R$anim: int abc_fade_in
android.support.v7.appcompat.R$anim: int abc_fade_out
android.support.v7.appcompat.R$anim: int abc_grow_fade_in_from_bottom
android.support.v7.appcompat.R$anim: int abc_popup_enter
android.support.v7.appcompat.R$anim: int abc_popup_exit
android.support.v7.appcompat.R$anim: int abc_shrink_fade_out_from_bottom
android.support.v7.appcompat.R$anim: int abc_slide_in_bottom
android.support.v7.appcompat.R$anim: int abc_slide_in_top
android.support.v7.appcompat.R$anim: int abc_slide_out_bottom
android.support.v7.appcompat.R$anim: int abc_slide_out_top
android.support.v7.appcompat.R$attr: int actionBarDivider
android.support.v7.appcompat.R$attr: int actionBarItemBackground
android.support.v7.appcompat.R$attr: int actionBarPopupTheme
android.support.v7.appcompat.R$attr: int actionBarSize
android.support.v7.appcompat.R$attr: int actionBarSplitStyle
android.support.v7.appcompat.R$attr: int actionBarStyle
android.support.v7.appcompat.R$attr: int actionBarTabBarStyle
android.support.v7.appcompat.R$attr: int actionBarTabStyle
android.support.v7.appcompat.R$attr: int actionBarTabTextStyle
android.support.v7.appcompat.R$attr: int actionBarTheme
android.support.v7.appcompat.R$attr: int actionBarWidgetTheme
android.support.v7.appcompat.R$attr: int actionButtonStyle
android.support.v7.appcompat.R$attr: int actionDropDownStyle
android.support.v7.appcompat.R$attr: int actionLayout
android.support.v7.appcompat.R$attr: int actionMenuTextAppearance
android.support.v7.appcompat.R$attr: int actionMenuTextColor
android.support.v7.appcompat.R$attr: int actionModeBackground
android.support.v7.appcompat.R$attr: int actionModeCloseButtonStyle
android.support.v7.appcompat.R$attr: int actionModeCloseDrawable
android.support.v7.appcompat.R$attr: int actionModeCopyDrawable
android.support.v7.appcompat.R$attr: int actionModeCutDrawable
android.support.v7.appcompat.R$attr: int actionModeFindDrawable
android.support.v7.appcompat.R$attr: int actionModePasteDrawable
android.support.v7.appcompat.R$attr: int actionModePopupWindowStyle
android.support.v7.appcompat.R$bool: int abc_action_bar_embed_tabs
android.support.v7.appcompat.R$bool: int abc_action_bar_embed_tabs_pre_jb
android.support.v7.appcompat.R$bool: int abc_action_bar_expanded_action_views_exclusive
android.support.v7.appcompat.R$bool: int abc_allow_stacked_button_bar
android.support.v7.appcompat.R$bool: int abc_config_actionMenuItemAllCaps
android.support.v7.appcompat.R$bool: int abc_config_allowActionMenuItemTextWithIcon
android.support.v7.appcompat.R$bool: int abc_config_closeDialogWhenTouchOutside
android.support.v7.appcompat.R$bool: int abc_config_showMenuShortcutsWhenKeyboardPresent