app/build/outputs/mapping/release/mapping.txt
ohi.andre.keyboardtinter2.KeyboardTinterModule -> ohi.andre.keyboardtinter2.KeyboardTinterModule:
    java.util.List alreadyHooked -> a
    void <init>() -> <init>
    void handleLoadPackage(de.robv.android.xposed.callbacks.XC_LoadPackage$LoadPackageParam) -> handleLoadPackage
    void <clinit>() -> <clinit>
ohi.andre.keyboardtinter2.app.MainActivity -> ohi.andre.keyboardtinter2.app.MainActivity:
    java.lang.String show_activity -> l
    java.lang.String email -> m
    java.lang.String object -> n
    java.lang.String APP_FOLDER -> o
    android.content.SharedPreferences prefs -> p
    android.widget.ListView lv -> q
    ohi.andre.keyboardtinter2.utils.ColorAdapter adapter -> r
    com.afollestad.materialdialogs.color.ColorChooserDialog dialog -> s
    boolean showActivity -> t
    ohi.andre.keyboardtinter2.utils.ColorSet colorSet -> u
    void <init>() -> <init>
    void onCreate(android.os.Bundle) -> onCreate
    boolean onCreateOptionsMenu(android.view.Menu) -> onCreateOptionsMenu
    boolean onOptionsItemSelected(android.view.MenuItem) -> onOptionsItemSelected
    void onStop() -> onStop
    void init() -> k
    void showColorDialog() -> l
    int selectMenu() -> m
    void sendEmail() -> n
    void requestAttachments() -> o
    void manageAttachmentRequest(java.lang.Integer[]) -> a
    void aboutDeveloper() -> p
    void showPresets() -> q
    void updatePreset(int) -> a
    void onColorAdded() -> r
    void onColorAdded(int) -> b
    void updateActivityState() -> s
    void onItemClick(android.widget.AdapterView,android.view.View,int,long) -> onItemClick
    void onClick(android.view.View) -> onClick
    void onColorSelection(com.afollestad.materialdialogs.color.ColorChooserDialog,int) -> a
ohi.andre.keyboardtinter2.app.MainActivity$1 -> ohi.andre.keyboardtinter2.app.a:
    ohi.andre.keyboardtinter2.app.MainActivity this$0 -> a
    void <init>(ohi.andre.keyboardtinter2.app.MainActivity) -> <init>
    void onClick(com.afollestad.materialdialogs.MaterialDialog,com.afollestad.materialdialogs.DialogAction) -> a
ohi.andre.keyboardtinter2.app.MainActivity$2 -> ohi.andre.keyboardtinter2.app.b:
    ohi.andre.keyboardtinter2.app.MainActivity this$0 -> a
    void <init>(ohi.andre.keyboardtinter2.app.MainActivity) -> <init>
    boolean onSelection(com.afollestad.materialdialogs.MaterialDialog,java.lang.Integer[],java.lang.CharSequence[]) -> a
ohi.andre.keyboardtinter2.app.MainActivity$3 -> ohi.andre.keyboardtinter2.app.c:
    ohi.andre.keyboardtinter2.app.MainActivity this$0 -> a
    void <init>(ohi.andre.keyboardtinter2.app.MainActivity) -> <init>
    void onSelection(com.afollestad.materialdialogs.MaterialDialog,android.view.View,int,java.lang.CharSequence) -> a
ohi.andre.keyboardtinter2.hook.Hooker -> ohi.andre.keyboardtinter2.a.a:
    void hook(java.lang.ClassLoader) -> a
ohi.andre.keyboardtinter2.hook.hookers.AiHooker -> ohi.andre.keyboardtinter2.a.a.a:
    java.lang.String KEY_CLASS -> a
    java.lang.String KVIEW_CLASS -> b
    java.lang.String DRAWABLESTATE_METHODNAME -> c
    void <init>() -> <init>
    void hook(java.lang.ClassLoader) -> a
ohi.andre.keyboardtinter2.hook.hookers.AiHooker$1 -> ohi.andre.keyboardtinter2.a.a.b:
    ohi.andre.keyboardtinter2.hook.hookers.AiHooker this$0 -> a
    void <init>(ohi.andre.keyboardtinter2.hook.hookers.AiHooker) -> <init>
    void beforeHookedMethod(de.robv.android.xposed.XC_MethodHook$MethodHookParam) -> beforeHookedMethod
ohi.andre.keyboardtinter2.hook.hookers.AsusHooker -> ohi.andre.keyboardtinter2.a.a.c:
    java.lang.String KEY_CLASS -> a
    java.lang.String PRESSED_FIELD -> b
    java.lang.String KEYBG_METHOD -> c
    void <init>() -> <init>
    void hook(java.lang.ClassLoader) -> a
...
android.support.v4.view.accessibility.AccessibilityNodeProviderCompat$AccessibilityNodeProviderStubImpl -> android.support.v4.h.a.ab:
    void <init>() -> <init>
    java.lang.Object newAccessibilityNodeProviderBridge(android.support.v4.view.accessibility.AccessibilityNodeProviderCompat) -> a
android.support.v4.view.accessibility.AccessibilityNodeProviderCompatJellyBean -> android.support.v4.h.a.ac:
    java.lang.Object newAccessibilityNodeProviderBridge(android.support.v4.view.accessibility.AccessibilityNodeProviderCompatJellyBean$AccessibilityNodeInfoBridge) -> a
android.support.v4.view.accessibility.AccessibilityNodeProviderCompatJellyBean$1 -> android.support.v4.h.a.ad:
    android.support.v4.view.accessibility.AccessibilityNodeProviderCompatJellyBean$AccessibilityNodeInfoBridge val$bridge -> a
    void <init>(android.support.v4.view.accessibility.AccessibilityNodeProviderCompatJellyBean$AccessibilityNodeInfoBridge) -> <init>
    android.view.accessibility.AccessibilityNodeInfo createAccessibilityNodeInfo(int) -> createAccessibilityNodeInfo
    java.util.List findAccessibilityNodeInfosByText(java.lang.String,int) -> findAccessibilityNodeInfosByText
    boolean performAction(int,int,android.os.Bundle) -> performAction
android.support.v4.view.accessibility.AccessibilityNodeProviderCompatJellyBean$AccessibilityNodeInfoBridge -> android.support.v4.h.a.ae:
    java.lang.Object createAccessibilityNodeInfo(int) -> a
    boolean performAction(int,int,android.os.Bundle) -> a
    java.util.List findAccessibilityNodeInfosByText(java.lang.String,int) -> a
android.support.v4.view.accessibility.AccessibilityNodeProviderCompatKitKat -> android.support.v4.h.a.af:
    java.lang.Object newAccessibilityNodeProviderBridge(android.support.v4.view.accessibility.AccessibilityNodeProviderCompatKitKat$AccessibilityNodeInfoBridge) -> a
android.support.v4.view.accessibility.AccessibilityNodeProviderCompatKitKat$1 -> android.support.v4.h.a.ag:
    android.support.v4.view.accessibility.AccessibilityNodeProviderCompatKitKat$AccessibilityNodeInfoBridge val$bridge -> a
    void <init>(android.support.v4.view.accessibility.AccessibilityNodeProviderCompatKitKat$AccessibilityNodeInfoBridge) -> <init>
    android.view.accessibility.AccessibilityNodeInfo createAccessibilityNodeInfo(int) -> createAccessibilityNodeInfo
    java.util.List findAccessibilityNodeInfosByText(java.lang.String,int) -> findAccessibilityNodeInfosByText
    boolean performAction(int,int,android.os.Bundle) -> performAction
    android.view.accessibility.AccessibilityNodeInfo findFocus(int) -> findFocus
android.support.v4.view.accessibility.AccessibilityNodeProviderCompatKitKat$AccessibilityNodeInfoBridge -> android.support.v4.h.a.ah:
    java.lang.Object createAccessibilityNodeInfo(int) -> a
    boolean performAction(int,int,android.os.Bundle) -> a
    java.util.List findAccessibilityNodeInfosByText(java.lang.String,int) -> a
    java.lang.Object findFocus(int) -> b
android.support.v4.view.accessibility.AccessibilityRecordCompat -> android.support.v4.h.a.ai:
    android.support.v4.view.accessibility.AccessibilityRecordCompat$AccessibilityRecordImpl IMPL -> a
    java.lang.Object mRecord -> b
    void <init>(java.lang.Object) -> <init>
    void setScrollable(boolean) -> a
    void setItemCount(int) -> a
    void setFromIndex(int) -> b
    void setToIndex(int) -> c
    void setScrollX(int) -> d
    void setScrollY(int) -> e
    void setMaxScrollX(int) -> f
    void setMaxScrollY(int) -> g
    int hashCode() -> hashCode
    boolean equals(java.lang.Object) -> equals
    void <clinit>() -> <clinit>