app/build/outputs/mapping/release/usage.txt
ohi.andre.keyboardtinter2.BuildConfig
ohi.andre.keyboardtinter2.R
ohi.andre.keyboardtinter2.R$anim
ohi.andre.keyboardtinter2.R$array
ohi.andre.keyboardtinter2.R$attr
ohi.andre.keyboardtinter2.R$bool
ohi.andre.keyboardtinter2.R$color
ohi.andre.keyboardtinter2.R$dimen
ohi.andre.keyboardtinter2.R$drawable
ohi.andre.keyboardtinter2.R$id
ohi.andre.keyboardtinter2.R$integer
ohi.andre.keyboardtinter2.R$layout
ohi.andre.keyboardtinter2.R$menu
ohi.andre.keyboardtinter2.R$mipmap
ohi.andre.keyboardtinter2.R$string
ohi.andre.keyboardtinter2.R$style
ohi.andre.keyboardtinter2.R$styleable
ohi.andre.keyboardtinter2.app.MainActivity:
    public static final java.lang.String prefs_name
    public static final java.lang.String color_key
    public static final java.lang.String color_n_key
    public static final java.lang.String preset_key
    public static final int MATERIAL_LIGHT
    public static final int MATERIAL_DARK
    public static final int SHINY
    public static final int CUSTOM
    public static final int XPOSED_LOG
    public static final int ANDROID_LOG
    public static final int SUPPORTED_KEYBOARDS
ohi.andre.keyboardtinter2.hook.hookers.AiHooker:
    private android.graphics.drawable.Drawable nativeDrawable
ohi.andre.keyboardtinter2.hook.hookers.MinumKeyboard
ohi.andre.keyboardtinter2.utils.ColorAdapter:
    48:52:public void add(java.lang.String)
ohi.andre.keyboardtinter2.utils.ColorInfo:
    27:28:public void setHueRange(ohi.andre.keyboardtinter2.utils.Range)
    35:36:public void setSaturationRange(ohi.andre.keyboardtinter2.utils.Range)
    39:39:public ohi.andre.keyboardtinter2.utils.Range getBrightnessRange()
    43:44:public void setBrightnessRange(ohi.andre.keyboardtinter2.utils.Range)
    51:52:public void setLowerBounds(java.util.List)
ohi.andre.keyboardtinter2.utils.ColorProvider:
    12:12:public ColorProvider()
ohi.andre.keyboardtinter2.utils.ColorSet:
    87:88:public void remove(int)
ohi.andre.keyboardtinter2.utils.ColorStorage:
    8:8:public ColorStorage()
ohi.andre.keyboardtinter2.utils.Keyboards:
    private static final java.lang.String GOOGLE_KEYBOARD
    private static final java.lang.String AOSP_KEYBOARD
    private static final java.lang.String SWIFTKEY_KEYBOARD
    private static final java.lang.String SWIFTKEY_NEURAL_KEYBOARD
    private static final java.lang.String SWIFTKEY_BETA_KEYBOARD
    private static final java.lang.String HACKERS_KEYBOARD
    private static final java.lang.String SMART_KEYBOARD_PRO
    private static final java.lang.String XPERIA_KEYBOARD
    private static final java.lang.String TOUCHPAL_KEYBOARD
    private static final java.lang.String TOUCHPALEMOJI_KEYBOARD
    private static final java.lang.String BLACKBERRY_KEYBOARD
    private static final java.lang.String IKEYBOARD
    private static final java.lang.String SWIPE_KEYBOARD
    private static final java.lang.String GO_KEYBOARD
    private static final java.lang.String DODOL_KEYBOARD
    private static final java.lang.String RU_KEYBOARD
    private static final java.lang.String ASUS_KEYBOARD
    private static final java.lang.String HTC_KEYBOARD
    private static final java.lang.String CHROOMA_KEYBOARD
    private static final java.lang.String AITYPE_KEYBOARD
    private static final java.lang.String LG_KEYBOARD
    private static final java.lang.String INDIC_KEYBAORD
    private static final java.lang.String PINYIN_KEYBOARD
    33:33:public Keyboards()
...
com.afollestad.materialdialogs.R$style:
    766:766:public R$style()
com.afollestad.materialdialogs.R$styleable:
    1100:1100:public R$styleable()
com.afollestad.materialdialogs.color.CircleView:
    44:45:public CircleView(android.content.Context,android.util.AttributeSet)
com.afollestad.materialdialogs.color.ColorChooserDialog:
    public static final java.lang.String TAG_PRIMARY
    public static final java.lang.String TAG_ACCENT
    public static final java.lang.String TAG_CUSTOM
    160:160:public boolean isAccentMode()
    700:703:public static com.afollestad.materialdialogs.color.ColorChooserDialog findVisible(android.support.v7.app.AppCompatActivity,java.lang.String)
com.afollestad.materialdialogs.color.ColorChooserDialog$Builder:
    594:596:public com.afollestad.materialdialogs.color.ColorChooserDialog$Builder preselect(int)
    607:608:public com.afollestad.materialdialogs.color.ColorChooserDialog$Builder doneButton(int)
    613:614:public com.afollestad.materialdialogs.color.ColorChooserDialog$Builder backButton(int)
    619:620:public com.afollestad.materialdialogs.color.ColorChooserDialog$Builder cancelButton(int)
    625:626:public com.afollestad.materialdialogs.color.ColorChooserDialog$Builder customButton(int)
    631:632:public com.afollestad.materialdialogs.color.ColorChooserDialog$Builder presetsButton(int)
    637:638:public com.afollestad.materialdialogs.color.ColorChooserDialog$Builder dynamicButtonColor(boolean)
    643:645:public com.afollestad.materialdialogs.color.ColorChooserDialog$Builder customColors(int[],int[][])
    650:652:public com.afollestad.materialdialogs.color.ColorChooserDialog$Builder customColors(int,int[][])
    657:658:public com.afollestad.materialdialogs.color.ColorChooserDialog$Builder allowUserColorInput(boolean)
    663:664:public com.afollestad.materialdialogs.color.ColorChooserDialog$Builder allowUserColorInputAlpha(boolean)
com.afollestad.materialdialogs.color.ColorChooserDialog$ColorChooserTag
com.afollestad.materialdialogs.color.ColorPalette:
    8:8:ColorPalette()
com.afollestad.materialdialogs.commons.BuildConfig
com.afollestad.materialdialogs.commons.R:
    9:9:public R()
com.afollestad.materialdialogs.commons.R$anim
com.afollestad.materialdialogs.commons.R$attr:
    25:25:public R$attr()
com.afollestad.materialdialogs.commons.R$bool
com.afollestad.materialdialogs.commons.R$color
com.afollestad.materialdialogs.commons.R$dimen:
    365:365:public R$dimen()
com.afollestad.materialdialogs.commons.R$drawable:
    484:484:public R$drawable()
com.afollestad.materialdialogs.commons.R$id:
    576:576:public R$id()
com.afollestad.materialdialogs.commons.R$integer
com.afollestad.materialdialogs.commons.R$layout:
    713:713:public R$layout()
com.afollestad.materialdialogs.commons.R$string:
    774:774:public R$string()
com.afollestad.materialdialogs.commons.R$style
com.afollestad.materialdialogs.commons.R$styleable
com.afollestad.materialdialogs.folderselector.FileChooserDialog
com.afollestad.materialdialogs.folderselector.FileChooserDialog$1
com.afollestad.materialdialogs.folderselector.FileChooserDialog$Builder
com.afollestad.materialdialogs.folderselector.FileChooserDialog$FileCallback
com.afollestad.materialdialogs.folderselector.FileChooserDialog$FileSorter
com.afollestad.materialdialogs.folderselector.FolderChooserDialog
com.afollestad.materialdialogs.folderselector.FolderChooserDialog$1
com.afollestad.materialdialogs.folderselector.FolderChooserDialog$2
com.afollestad.materialdialogs.folderselector.FolderChooserDialog$Builder
com.afollestad.materialdialogs.folderselector.FolderChooserDialog$FolderCallback
com.afollestad.materialdialogs.folderselector.FolderChooserDialog$FolderSorter
com.afollestad.materialdialogs.internal.MDRootLayout:
    private static final int INDEX_NEUTRAL
    private static final int INDEX_NEGATIVE
    private static final int INDEX_POSITIVE
com.afollestad.materialdialogs.internal.MDTintHelper:
    28:28:public MDTintHelper()